
@----------------------------------------------------------@
|        PLINK!       |     v1.07      |   10/Aug/2009     |
|----------------------------------------------------------|
|  (C) 2009 Shaun Purcell, GNU General Public License, v2  |
|----------------------------------------------------------|
|  For documentation, citation & bug-report instructions:  |
|        http://pngu.mgh.harvard.edu/purcell/plink/        |
@----------------------------------------------------------@

Skipping web check... [ --noweb ] 
Writing this text to log file [ HapMap_3_r3_5.log ]
Analysis started: Thu Dec 26 21:26:01 2024

Options in effect:
	--bfile HapMap_3_r3_4
	--mind 0.02
	--make-bed
	--out HapMap_3_r3_5
	--noweb

Reading map (extended format) from [ HapMap_3_r3_4.bim ] 
1430443 markers to be included from [ HapMap_3_r3_4.bim ]
Reading pedigree information from [ HapMap_3_r3_4.fam ] 
165 individuals read from [ HapMap_3_r3_4.fam ] 
112 individuals with nonmissing phenotypes
Assuming a disease phenotype (1=unaff, 2=aff, 0=miss)
Missing phenotype value is also -9
56 cases, 56 controls and 53 missing
80 males, 85 females, and 0 of unspecified sex
Reading genotype bitfile from [ HapMap_3_r3_4.bed ] 
Detected that binary PED file is v1.00 SNP-major mode
Before frequency and genotyping pruning, there are 1430443 SNPs
112 founders and 53 non-founders found
0 of 165 individuals removed for low genotyping ( MIND > 0.02 )
179 heterozygous haploid genotypes; set to missing
Writing list of heterozygous haploid genotypes to [ HapMap_3_r3_5.hh ]
Total genotyping rate in remaining individuals is 0.997899
0 SNPs failed missingness test ( GENO > 1 )
0 SNPs failed frequency test ( MAF < 0 )
After frequency and genotyping pruning, there are 1430443 SNPs
After filtering, 56 cases, 56 controls and 53 missing
After filtering, 80 males, 85 females, and 0 of unspecified sex
Writing pedigree information to [ HapMap_3_r3_5.fam ] 
Writing map (extended format) information to [ HapMap_3_r3_5.bim ] 
Writing genotype bitfile to [ HapMap_3_r3_5.bed ] 
Using (default) SNP-major mode

Analysis finished: Thu Dec 26 21:26:16 2024

